{"C:/Users/ThinkPad T480/Desktop/VS code proyectos/movil-tienda-online-Gregory/src/App.tsx": {"path":"C:/Users/ThinkPad T480/Desktop/VS code proyectos/movil-tienda-online-Gregory/src/App.tsx","statementMap":{"0":{"start":{"line":4,"column":22},"end":{"line":10,"column":null}},"1":{"start":{"line":5,"column":2},"end":{"line":8,"column":null}}},"fnMap":{"0":{"name":"(anonymous_0)","decl":{"start":{"line":4,"column":22},"end":{"line":4,"column":28}},"loc":{"start":{"line":4,"column":28},"end":{"line":10,"column":null}}}},"branchMap":{},"s":{"0":1,"1":3},"f":{"0":3},"b":{}}
,"C:/Users/ThinkPad T480/Desktop/VS code proyectos/movil-tienda-online-Gregory/src/components/Login.tsx": {"path":"C:/Users/ThinkPad T480/Desktop/VS code proyectos/movil-tienda-online-Gregory/src/components/Login.tsx","statementMap":{"0":{"start":{"line":6,"column":24},"end":{"line":140,"column":null}},"1":{"start":{"line":7,"column":34},"end":{"line":7,"column":null}},"2":{"start":{"line":8,"column":28},"end":{"line":8,"column":null}},"3":{"start":{"line":9,"column":34},"end":{"line":9,"column":null}},"4":{"start":{"line":10,"column":24},"end":{"line":10,"column":null}},"5":{"start":{"line":11,"column":40},"end":{"line":11,"column":null}},"6":{"start":{"line":12,"column":42},"end":{"line":12,"column":null}},"7":{"start":{"line":14,"column":23},"end":{"line":30,"column":null}},"8":{"start":{"line":15,"column":4},"end":{"line":15,"column":null}},"9":{"start":{"line":16,"column":4},"end":{"line":22,"column":null}},"10":{"start":{"line":25,"column":4},"end":{"line":25,"column":null}},"11":{"start":{"line":26,"column":4},"end":{"line":26,"column":null}},"12":{"start":{"line":27,"column":4},"end":{"line":27,"column":null}},"13":{"start":{"line":28,"column":4},"end":{"line":28,"column":null}},"14":{"start":{"line":29,"column":4},"end":{"line":29,"column":null}},"15":{"start":{"line":32,"column":2},"end":{"line":138,"column":null}},"16":{"start":{"line":55,"column":31},"end":{"line":55,"column":null}},"17":{"start":{"line":68,"column":31},"end":{"line":68,"column":null}},"18":{"start":{"line":82,"column":33},"end":{"line":82,"column":null}},"19":{"start":{"line":89,"column":31},"end":{"line":89,"column":null}},"20":{"start":{"line":106,"column":37},"end":{"line":106,"column":null}},"21":{"start":{"line":118,"column":31},"end":{"line":118,"column":null}}},"fnMap":{"0":{"name":"(anonymous_0)","decl":{"start":{"line":6,"column":24},"end":{"line":6,"column":30}},"loc":{"start":{"line":6,"column":30},"end":{"line":140,"column":null}}},"1":{"name":"(anonymous_1)","decl":{"start":{"line":14,"column":23},"end":{"line":14,"column":24}},"loc":{"start":{"line":14,"column":47},"end":{"line":30,"column":null}}},"2":{"name":"(anonymous_2)","decl":{"start":{"line":55,"column":24},"end":{"line":55,"column":25}},"loc":{"start":{"line":55,"column":31},"end":{"line":55,"column":null}}},"3":{"name":"(anonymous_3)","decl":{"start":{"line":68,"column":24},"end":{"line":68,"column":25}},"loc":{"start":{"line":68,"column":31},"end":{"line":68,"column":null}}},"4":{"name":"(anonymous_4)","decl":{"start":{"line":82,"column":26},"end":{"line":82,"column":27}},"loc":{"start":{"line":82,"column":33},"end":{"line":82,"column":null}}},"5":{"name":"(anonymous_5)","decl":{"start":{"line":89,"column":25},"end":{"line":89,"column":31}},"loc":{"start":{"line":89,"column":31},"end":{"line":89,"column":null}}},"6":{"name":"(anonymous_6)","decl":{"start":{"line":106,"column":26},"end":{"line":106,"column":27}},"loc":{"start":{"line":106,"column":37},"end":{"line":106,"column":null}}},"7":{"name":"(anonymous_7)","decl":{"start":{"line":118,"column":24},"end":{"line":118,"column":25}},"loc":{"start":{"line":118,"column":31},"end":{"line":118,"column":null}}}},"branchMap":{"0":{"loc":{"start":{"line":80,"column":22},"end":{"line":80,"column":null}},"type":"cond-expr","locations":[{"start":{"line":80,"column":37},"end":{"line":80,"column":46}},{"start":{"line":80,"column":46},"end":{"line":80,"column":null}}]},"1":{"loc":{"start":{"line":93,"column":17},"end":{"line":93,"column":null}},"type":"cond-expr","locations":[{"start":{"line":93,"column":32},"end":{"line":93,"column":79}},{"start":{"line":93,"column":79},"end":{"line":93,"column":null}}]},"2":{"loc":{"start":{"line":106,"column":52},"end":{"line":106,"column":70}},"type":"binary-expr","locations":[{"start":{"line":106,"column":52},"end":{"line":106,"column":61}},{"start":{"line":106,"column":61},"end":{"line":106,"column":70}}]}},"s":{"0":1,"1":8,"2":8,"3":8,"4":8,"5":8,"6":8,"7":8,"8":1,"9":1,"10":1,"11":1,"12":1,"13":1,"14":1,"15":8,"16":1,"17":1,"18":1,"19":0,"20":1,"21":1},"f":{"0":8,"1":1,"2":1,"3":1,"4":1,"5":0,"6":1,"7":1},"b":{"0":[0,8],"1":[0,8],"2":[1,0]}}
,"C:/Users/ThinkPad T480/Desktop/VS code proyectos/movil-tienda-online-Gregory/src/lib/utils.ts": {"path":"C:/Users/ThinkPad T480/Desktop/VS code proyectos/movil-tienda-online-Gregory/src/lib/utils.ts","statementMap":{"0":{"start":{"line":5,"column":2},"end":{"line":5,"column":null}}},"fnMap":{"0":{"name":"cn","decl":{"start":{"line":4,"column":16},"end":{"line":4,"column":22}},"loc":{"start":{"line":4,"column":44},"end":{"line":6,"column":null}}}},"branchMap":{},"s":{"0":0},"f":{"0":0},"b":{}}
}
