{"C:/Users/ThinkPad T480/Desktop/movil-tienda-online-Gregory/src/App.tsx": {"path":"C:/Users/ThinkPad T480/Desktop/movil-tienda-online-Gregory/src/App.tsx","statementMap":{"0":{"start":{"line":4,"column":22},"end":{"line":10,"column":null}},"1":{"start":{"line":5,"column":2},"end":{"line":8,"column":null}}},"fnMap":{"0":{"name":"(anonymous_0)","decl":{"start":{"line":4,"column":22},"end":{"line":4,"column":28}},"loc":{"start":{"line":4,"column":28},"end":{"line":10,"column":null}}}},"branchMap":{},"s":{"0":0,"1":0},"f":{"0":0},"b":{}}
,"C:/Users/ThinkPad T480/Desktop/movil-tienda-online-Gregory/src/components/Login.tsx": {"path":"C:/Users/ThinkPad T480/Desktop/movil-tienda-online-Gregory/src/components/Login.tsx","statementMap":{"0":{"start":{"line":6,"column":24},"end":{"line":135,"column":null}},"1":{"start":{"line":7,"column":34},"end":{"line":7,"column":null}},"2":{"start":{"line":8,"column":28},"end":{"line":8,"column":null}},"3":{"start":{"line":9,"column":34},"end":{"line":9,"column":null}},"4":{"start":{"line":10,"column":24},"end":{"line":10,"column":null}},"5":{"start":{"line":11,"column":40},"end":{"line":11,"column":null}},"6":{"start":{"line":12,"column":42},"end":{"line":12,"column":null}},"7":{"start":{"line":14,"column":23},"end":{"line":23,"column":null}},"8":{"start":{"line":15,"column":4},"end":{"line":15,"column":null}},"9":{"start":{"line":16,"column":4},"end":{"line":22,"column":null}},"10":{"start":{"line":25,"column":2},"end":{"line":133,"column":null}},"11":{"start":{"line":50,"column":31},"end":{"line":50,"column":null}},"12":{"start":{"line":63,"column":31},"end":{"line":63,"column":null}},"13":{"start":{"line":77,"column":33},"end":{"line":77,"column":null}},"14":{"start":{"line":83,"column":31},"end":{"line":83,"column":null}},"15":{"start":{"line":100,"column":37},"end":{"line":100,"column":null}},"16":{"start":{"line":113,"column":31},"end":{"line":113,"column":null}}},"fnMap":{"0":{"name":"(anonymous_0)","decl":{"start":{"line":6,"column":24},"end":{"line":6,"column":30}},"loc":{"start":{"line":6,"column":30},"end":{"line":135,"column":null}}},"1":{"name":"(anonymous_1)","decl":{"start":{"line":14,"column":23},"end":{"line":14,"column":24}},"loc":{"start":{"line":14,"column":47},"end":{"line":23,"column":null}}},"2":{"name":"(anonymous_2)","decl":{"start":{"line":50,"column":24},"end":{"line":50,"column":25}},"loc":{"start":{"line":50,"column":31},"end":{"line":50,"column":null}}},"3":{"name":"(anonymous_3)","decl":{"start":{"line":63,"column":24},"end":{"line":63,"column":25}},"loc":{"start":{"line":63,"column":31},"end":{"line":63,"column":null}}},"4":{"name":"(anonymous_4)","decl":{"start":{"line":77,"column":26},"end":{"line":77,"column":27}},"loc":{"start":{"line":77,"column":33},"end":{"line":77,"column":null}}},"5":{"name":"(anonymous_5)","decl":{"start":{"line":83,"column":25},"end":{"line":83,"column":31}},"loc":{"start":{"line":83,"column":31},"end":{"line":83,"column":null}}},"6":{"name":"(anonymous_6)","decl":{"start":{"line":100,"column":26},"end":{"line":100,"column":27}},"loc":{"start":{"line":100,"column":37},"end":{"line":100,"column":null}}},"7":{"name":"(anonymous_7)","decl":{"start":{"line":113,"column":24},"end":{"line":113,"column":25}},"loc":{"start":{"line":113,"column":31},"end":{"line":113,"column":null}}}},"branchMap":{"0":{"loc":{"start":{"line":75,"column":22},"end":{"line":75,"column":null}},"type":"cond-expr","locations":[{"start":{"line":75,"column":37},"end":{"line":75,"column":46}},{"start":{"line":75,"column":46},"end":{"line":75,"column":null}}]},"1":{"loc":{"start":{"line":86,"column":17},"end":{"line":86,"column":null}},"type":"cond-expr","locations":[{"start":{"line":86,"column":32},"end":{"line":86,"column":79}},{"start":{"line":86,"column":79},"end":{"line":86,"column":null}}]},"2":{"loc":{"start":{"line":100,"column":52},"end":{"line":100,"column":63}},"type":"binary-expr","locations":[{"start":{"line":100,"column":52},"end":{"line":100,"column":61}},{"start":{"line":100,"column":61},"end":{"line":100,"column":63}}]}},"s":{"0":1,"1":15,"2":15,"3":15,"4":15,"5":15,"6":15,"7":15,"8":1,"9":1,"10":15,"11":2,"12":2,"13":2,"14":2,"15":1,"16":1},"f":{"0":15,"1":1,"2":2,"3":2,"4":2,"5":2,"6":1,"7":1},"b":{"0":[1,14],"1":[1,14],"2":[1,0]}}
,"C:/Users/ThinkPad T480/Desktop/movil-tienda-online-Gregory/src/lib/utils.ts": {"path":"C:/Users/ThinkPad T480/Desktop/movil-tienda-online-Gregory/src/lib/utils.ts","statementMap":{"0":{"start":{"line":5,"column":2},"end":{"line":5,"column":null}}},"fnMap":{"0":{"name":"cn","decl":{"start":{"line":4,"column":16},"end":{"line":4,"column":22}},"loc":{"start":{"line":4,"column":44},"end":{"line":6,"column":null}}}},"branchMap":{},"s":{"0":0},"f":{"0":0},"b":{}}
}
